::ffff:192.168.1.68 - - [02/Jan/2019:00:45:52 +0000] "GET /combat HTTP/1.1" 304 -
::ffff:192.168.1.68 - - [02/Jan/2019:00:46:29 +0000] "GET /combat HTTP/1.1" 304 -
::ffff:192.168.1.68 - - [02/Jan/2019:00:46:40 +0000] "GET /combat HTTP/1.1" 304 -
::ffff:192.168.1.68 - - [02/Jan/2019:00:46:41 +0000] "GET /combat HTTP/1.1" 304 -
::ffff:192.168.1.68 - - [02/Jan/2019:00:46:41 +0000] "GET /combat HTTP/1.1" 304 -
::ffff:192.168.1.68 - - [02/Jan/2019:00:46:41 +0000] "GET /combat HTTP/1.1" 304 -
::ffff:192.168.1.68 - - [02/Jan/2019:00:46:41 +0000] "GET /combat HTTP/1.1" 304 -
::ffff:192.168.1.68 - - [02/Jan/2019:00:46:42 +0000] "GET /combat HTTP/1.1" 304 -
::ffff:192.168.1.68 - - [02/Jan/2019:00:49:04 +0000] "GET /combat HTTP/1.1" 304 -
::ffff:192.168.1.68 - - [02/Jan/2019:00:49:12 +0000] "GET /combat HTTP/1.1" 304 -
::ffff:192.168.1.68 - - [02/Jan/2019:00:53:08 +0000] "GET /combat HTTP/1.1" 304 - "-" "Mozilla/5.0 (Windows NT 10.0; Win64; x64) AppleWebKit/537.36 (KHTML, like Gecko) Chrome/71.0.3578.98 Safari/537.36"
::ffff:192.168.1.68 - - [02/Jan/2019:00:53:41 +0000] "GET /combat HTTP/1.1" 200 2894 "-" "Mozilla/5.0 (Windows NT 10.0; Win64; x64) AppleWebKit/537.36 (KHTML, like Gecko) Chrome/71.0.3578.98 Safari/537.36"
::ffff:192.168.1.68 - - [02/Jan/2019:00:53:53 +0000] "GET /combat HTTP/1.1" 304 - "-" "Mozilla/5.0 (Windows NT 10.0; Win64; x64) AppleWebKit/537.36 (KHTML, like Gecko) Chrome/71.0.3578.98 Safari/537.36"
::ffff:192.168.1.68 - - [02/Jan/2019:00:58:43 +0000] "GET /combat HTTP/1.1" 304 -
::ffff:192.168.1.68 - - [02/Jan/2019:00:58:47 +0000] "GET /combat HTTP/1.1" 304 -
::ffff:192.168.1.68 - - [02/Jan/2019:00:58:48 +0000] "GET /combat HTTP/1.1" 304 -
::ffff:192.168.1.68 - - [02/Jan/2019:00:58:49 +0000] "GET /play/register/d HTTP/1.1" 304 -
::1 - - [15/Jan/2019:16:47:07 +0000] "GET / HTTP/1.1" 200 2104
::1 - - [15/Jan/2019:16:47:10 +0000] "GET /favicon.ico HTTP/1.1" 404 99
::1 - - [15/Jan/2019:16:47:12 +0000] "GET /combat HTTP/1.1" 200 2894
::1 - - [15/Jan/2019:16:47:30 +0000] "GET /play/register/cddddd HTTP/1.1" 200 87
::1 - - [15/Jan/2019:16:59:03 +0000] "GET / HTTP/1.1" 304 -
::ffff:127.0.0.1 - - [28/Feb/2019:22:21:08 +0000] "GET / HTTP/1.1" 200 2104
::1 - - [28/Feb/2019:22:21:08 +0000] "GET /favicon.ico HTTP/1.1" 404 99
::1 - - [28/Feb/2019:22:23:56 +0000] "GET / HTTP/1.1" 200 2104
::1 - - [28/Feb/2019:22:23:56 +0000] "GET /favicon.ico HTTP/1.1" 404 99
::1 - - [28/Feb/2019:22:25:41 +0000] "GET /register/d HTTP/1.1" 404 99
::1 - - [28/Feb/2019:22:25:45 +0000] "GET /play/register/d HTTP/1.1" 200 82
::1 - - [28/Feb/2019:22:25:51 +0000] "GET /play/register/ddf HTTP/1.1" 200 101
::1 - - [28/Feb/2019:22:25:54 +0000] "GET /play/register/ddf HTTP/1.1" 200 120
::ffff:127.0.0.1 - - [03/Mar/2019:21:32:02 +0000] "GET / HTTP/1.1" 200 2104
::1 - - [03/Mar/2019:21:32:03 +0000] "GET /favicon.ico HTTP/1.1" 404 99
::1 - - [03/Mar/2019:21:32:10 +0000] "GET / HTTP/1.1" 200 2104
::1 - - [03/Mar/2019:21:32:10 +0000] "GET /favicon.ico HTTP/1.1" 404 99
::1 - - [03/Mar/2019:21:32:36 +0000] "GET /play/register/d HTTP/1.1" 500 125
::1 - - [03/Mar/2019:21:33:37 +0000] "GET /play/register/d HTTP/1.1" 500 125
::1 - - [03/Mar/2019:21:33:45 +0000] "GET /play/register/d HTTP/1.1" 500 125
::1 - - [03/Mar/2019:21:33:58 +0000] "GET /play/register/d HTTP/1.1" 200 83
::1 - - [03/Mar/2019:21:34:25 +0000] "GET /play/register/d HTTP/1.1" 500 125
::1 - - [03/Mar/2019:21:34:34 +0000] "GET /play/register/d HTTP/1.1" 500 125
::1 - - [03/Mar/2019:21:34:45 +0000] "GET /play/register/d HTTP/1.1" 200 110
::1 - - [03/Mar/2019:21:34:56 +0000] "GET /play/register/d HTTP/1.1" 500 125
::1 - - [03/Mar/2019:21:35:07 +0000] "GET /play/register/d HTTP/1.1" 200 6
::1 - - [03/Mar/2019:21:36:56 +0000] "GET /play/register/d HTTP/1.1" 200 110
::1 - - [03/Mar/2019:21:37:02 +0000] "GET /play/register/d HTTP/1.1" 200 138
::1 - - [03/Mar/2019:21:37:26 +0000] "GET /play/register/d HTTP/1.1" 200 110
::1 - - [03/Mar/2019:21:37:26 +0000] "GET /play/register/d HTTP/1.1" 200 138
::1 - - [03/Mar/2019:21:37:29 +0000] "GET /play/register/d HTTP/1.1" 200 166
::1 - - [03/Mar/2019:21:37:29 +0000] "GET /play/register/d HTTP/1.1" 200 194
::1 - - [03/Mar/2019:21:37:29 +0000] "GET /play/register/d HTTP/1.1" 200 222
::1 - - [03/Mar/2019:21:37:29 +0000] "GET /play/register/d HTTP/1.1" 200 250
::1 - - [03/Mar/2019:21:37:30 +0000] "GET /play/register/d HTTP/1.1" 200 278
::1 - - [03/Mar/2019:21:37:30 +0000] "GET /play/register/d HTTP/1.1" 200 306
::1 - - [03/Mar/2019:21:37:30 +0000] "GET /play/register/d HTTP/1.1" 200 12
::1 - - [03/Mar/2019:21:37:31 +0000] "GET /play/register/d HTTP/1.1" 304 -
::1 - - [03/Mar/2019:21:38:43 +0000] "GET /play/register/d HTTP/1.1" 200 110
::1 - - [03/Mar/2019:21:38:49 +0000] "GET /play/register/d HTTP/1.1" 500 107
::1 - - [03/Mar/2019:21:38:56 +0000] "GET /play/register/d HTTP/1.1" 200 110
::1 - - [03/Mar/2019:21:38:56 +0000] "GET /play/register/d HTTP/1.1" 200 138
::1 - - [03/Mar/2019:21:39:03 +0000] "GET /play/register/d HTTP/1.1" 200 110
::1 - - [03/Mar/2019:21:39:03 +0000] "GET /play/register/d HTTP/1.1" 200 138
::1 - - [03/Mar/2019:21:39:25 +0000] "GET /play/register/d HTTP/1.1" 200 110
::1 - - [03/Mar/2019:21:39:26 +0000] "GET /play/register/d HTTP/1.1" 200 18
::1 - - [03/Mar/2019:21:39:27 +0000] "GET /play/register/d HTTP/1.1" 304 -
::1 - - [03/Mar/2019:21:40:42 +0000] "GET /play/register/d HTTP/1.1" 200 110
::1 - - [03/Mar/2019:21:40:43 +0000] "GET /play/register/d HTTP/1.1" 200 18
::1 - - [03/Mar/2019:21:40:56 +0000] "GET /play/register/d HTTP/1.1" 200 110
::1 - - [03/Mar/2019:21:40:56 +0000] "GET /play/register/d HTTP/1.1" 200 18
::1 - - [03/Mar/2019:21:41:13 +0000] "GET /play/register/d HTTP/1.1" - -
::1 - - [03/Mar/2019:21:41:14 +0000] "GET /play/register/d HTTP/1.1" 200 18
::1 - - [03/Mar/2019:21:41:18 +0000] "GET /play/register/d HTTP/1.1" 304 -
::1 - - [03/Mar/2019:21:41:19 +0000] "GET /play/register/d HTTP/1.1" 304 -
::1 - - [03/Mar/2019:21:41:42 +0000] "GET /play/register/d HTTP/1.1" 200 110
::1 - - [03/Mar/2019:21:41:43 +0000] "GET /play/register/d HTTP/1.1" 200 18
::1 - - [03/Mar/2019:21:41:50 +0000] "GET /play/register/d HTTP/1.1" 200 110
::1 - - [03/Mar/2019:21:41:52 +0000] "GET /play/register/d HTTP/1.1" 200 18
::1 - - [03/Mar/2019:21:42:45 +0000] "GET /play/register/d HTTP/1.1" - -
::1 - - [03/Mar/2019:21:42:47 +0000] "GET /play/register/d HTTP/1.1" 200 18
::1 - - [03/Mar/2019:21:42:48 +0000] "GET /play/register/d HTTP/1.1" 304 -
::1 - - [03/Mar/2019:21:42:56 +0000] "GET /play/register/d HTTP/1.1" - -
::1 - - [03/Mar/2019:21:42:57 +0000] "GET /play/register/d HTTP/1.1" 404 99
::1 - - [03/Mar/2019:21:42:58 +0000] "GET /play/register/d HTTP/1.1" 404 99
::1 - - [03/Mar/2019:21:43:05 +0000] "GET /play/register/d HTTP/1.1" 404 99
::1 - - [03/Mar/2019:21:43:19 +0000] "GET /play/register/d HTTP/1.1" 200 110
::1 - - [03/Mar/2019:21:43:19 +0000] "GET /play/register/d HTTP/1.1" 200 18
::1 - - [03/Mar/2019:21:43:26 +0000] "GET /play/register/d HTTP/1.1" 200 110
::1 - - [03/Mar/2019:21:43:26 +0000] "GET /play/register/d HTTP/1.1" 200 18
::1 - - [03/Mar/2019:21:43:31 +0000] "GET /play/register/d HTTP/1.1" 200 110
::1 - - [03/Mar/2019:21:43:31 +0000] "GET /play/register/d HTTP/1.1" 200 18
::1 - - [03/Mar/2019:21:49:36 +0000] "GET /play/register/d HTTP/1.1" 200 110
::1 - - [03/Mar/2019:21:49:36 +0000] "GET /play/register/d HTTP/1.1" 200 18
::1 - - [03/Mar/2019:21:49:46 +0000] "GET /play/register/d HTTP/1.1" 200 110
::1 - - [03/Mar/2019:21:49:48 +0000] "GET /play/register/d HTTP/1.1" 200 18
::1 - - [03/Mar/2019:21:51:09 +0000] "GET /play/register/d HTTP/1.1" 200 110
::1 - - [03/Mar/2019:21:51:10 +0000] "GET /play/register/d HTTP/1.1" 200 18
::1 - - [03/Mar/2019:21:51:21 +0000] "GET /play/register/d HTTP/1.1" 200 110
::1 - - [03/Mar/2019:21:51:21 +0000] "GET /play/register/d HTTP/1.1" 200 138
::1 - - [03/Mar/2019:21:51:21 +0000] "GET /play/register/d HTTP/1.1" 200 166
::1 - - [03/Mar/2019:21:51:22 +0000] "GET /play/register/d HTTP/1.1" 200 194
::1 - - [03/Mar/2019:21:51:24 +0000] "GET /play/register/d HTTP/1.1" 200 222
::1 - - [03/Mar/2019:21:51:25 +0000] "GET /play/register/d HTTP/1.1" 200 250
::1 - - [03/Mar/2019:21:51:26 +0000] "GET /play/register/d HTTP/1.1" 200 278
::1 - - [03/Mar/2019:21:51:27 +0000] "GET /play/register/d HTTP/1.1" 200 306
::1 - - [03/Mar/2019:21:51:28 +0000] "GET /play/register/d HTTP/1.1" 200 12
::1 - - [03/Mar/2019:21:51:55 +0000] "GET /play/register/d HTTP/1.1" 200 110
::1 - - [03/Mar/2019:21:52:02 +0000] "GET /play/register/d HTTP/1.1" 304 -
::1 - - [03/Mar/2019:22:02:06 +0000] "GET /play/register/d HTTP/1.1" 500 104
::1 - - [03/Mar/2019:22:02:17 +0000] "GET /play/register/d HTTP/1.1" 200 110
::1 - - [03/Mar/2019:22:02:17 +0000] "GET /play/register/d HTTP/1.1" 200 18
::1 - - [03/Mar/2019:22:02:37 +0000] "GET /play/register/d HTTP/1.1" 200 15
::1 - - [03/Mar/2019:22:02:38 +0000] "GET /play/register/d HTTP/1.1" 200 18
::1 - - [03/Mar/2019:22:10:21 +0000] "GET /play/register/d HTTP/1.1" 200 15
::1 - - [03/Mar/2019:22:10:23 +0000] "GET /play/register/d HTTP/1.1" 200 18
::1 - - [03/Mar/2019:22:15:42 +0000] "GET /play/capture HTTP/1.1" 200 14
::1 - - [03/Mar/2019:22:15:44 +0000] "GET /play/capture HTTP/1.1" 304 -
::1 - - [03/Mar/2019:22:15:49 +0000] "GET /play/register/d HTTP/1.1" 200 15
::1 - - [03/Mar/2019:22:15:56 +0000] "GET /play/capture HTTP/1.1" 500 124
::1 - - [03/Mar/2019:22:20:12 +0000] "GET /play/capture HTTP/1.1" 200 14
::1 - - [03/Mar/2019:22:20:17 +0000] "GET /play/register/d HTTP/1.1" 304 -
::1 - - [03/Mar/2019:22:20:20 +0000] "GET /play/capture HTTP/1.1" 500 126
::1 - - [03/Mar/2019:22:24:26 +0000] "GET /play/capture HTTP/1.1" 200 14
::1 - - [03/Mar/2019:22:24:36 +0000] "GET /play/register HTTP/1.1" 200 14
::1 - - [03/Mar/2019:22:24:37 +0000] "GET /play/register HTTP/1.1" 304 -
::1 - - [03/Mar/2019:22:24:43 +0000] "GET /play/register HTTP/1.1" 304 -
::1 - - [03/Mar/2019:22:24:58 +0000] "GET /play/register/d HTTP/1.1" 304 -
::1 - - [03/Mar/2019:22:25:13 +0000] "GET /play/capture HTTP/1.1" - -
::1 - - [03/Mar/2019:22:25:14 +0000] "GET /play/register/d HTTP/1.1" 200 18
::1 - - [03/Mar/2019:22:25:20 +0000] "GET /play/capture HTTP/1.1" - -
::1 - - [03/Mar/2019:22:25:40 +0000] "GET /play/capture HTTP/1.1" 200 14
::1 - - [03/Mar/2019:22:25:53 +0000] "GET /play/capture HTTP/1.1" 304 -
::1 - - [03/Mar/2019:22:25:55 +0000] "GET /play/register HTTP/1.1" 304 -
::1 - - [03/Mar/2019:22:25:57 +0000] "GET /play/register/d HTTP/1.1" 200 15
::1 - - [03/Mar/2019:22:26:06 +0000] "GET /play/capture HTTP/1.1" - -
::1 - - [03/Mar/2019:22:26:06 +0000] "GET /play/capture HTTP/1.1" 500 127
::1 - - [03/Mar/2019:22:28:49 +0000] "GET /play/register HTTP/1.1" 304 -
::1 - - [03/Mar/2019:22:29:24 +0000] "GET /play/register/d HTTP/1.1" 304 -
::1 - - [03/Mar/2019:22:29:27 +0000] "GET /play/capture HTTP/1.1" 200 9
::1 - - [03/Mar/2019:22:29:29 +0000] "GET /play/capture HTTP/1.1" 200 14
::1 - - [03/Mar/2019:22:29:30 +0000] "GET /play/capture HTTP/1.1" 304 -
::1 - - [03/Mar/2019:22:29:30 +0000] "GET /play/capture HTTP/1.1" 304 -
::1 - - [03/Mar/2019:22:29:52 +0000] "GET /play/capture HTTP/1.1" 200 14
::1 - - [03/Mar/2019:22:29:52 +0000] "GET /play/capture HTTP/1.1" 304 -
::1 - - [03/Mar/2019:22:29:53 +0000] "GET /play/capture HTTP/1.1" 304 -
::1 - - [03/Mar/2019:22:29:57 +0000] "GET /play/register/d HTTP/1.1" 304 -
::1 - - [03/Mar/2019:22:30:00 +0000] "GET /play/capture HTTP/1.1" 200 9
::1 - - [03/Mar/2019:22:30:03 +0000] "GET /play/capture HTTP/1.1" 200 14
::1 - - [03/Mar/2019:22:30:07 +0000] "GET /play/capture HTTP/1.1" 304 -
::1 - - [03/Mar/2019:22:30:08 +0000] "GET /play/capture HTTP/1.1" 304 -
::1 - - [03/Mar/2019:22:30:33 +0000] "GET /play/capture HTTP/1.1" 200 14
::1 - - [03/Mar/2019:22:30:35 +0000] "GET /play/register HTTP/1.1" 304 -
::1 - - [03/Mar/2019:22:30:37 +0000] "GET /play/register/d HTTP/1.1" 304 -
::1 - - [03/Mar/2019:22:30:40 +0000] "GET /play/capture HTTP/1.1" 200 9
::1 - - [03/Mar/2019:22:30:42 +0000] "GET /play/capture HTTP/1.1" 200 14
::1 - - [03/Mar/2019:22:30:46 +0000] "GET /play/capture HTTP/1.1" 304 -
::1 - - [03/Mar/2019:22:31:24 +0000] "GET /play/register/d HTTP/1.1" 304 -
::1 - - [03/Mar/2019:22:31:29 +0000] "GET /play/capture HTTP/1.1" 200 9
::1 - - [03/Mar/2019:22:31:32 +0000] "GET /play/capture HTTP/1.1" 200 14
::1 - - [03/Mar/2019:22:31:34 +0000] "GET /play/capture HTTP/1.1" 304 -
::1 - - [03/Mar/2019:22:31:43 +0000] "GET /play/capture HTTP/1.1" 200 14
::1 - - [03/Mar/2019:22:31:46 +0000] "GET /play/register/d HTTP/1.1" 304 -
::1 - - [03/Mar/2019:22:31:48 +0000] "GET /play/capture HTTP/1.1" 200 9
::1 - - [03/Mar/2019:22:31:49 +0000] "GET /play/capture HTTP/1.1" 200 14
::1 - - [03/Mar/2019:22:31:51 +0000] "GET /play/capture HTTP/1.1" 304 -
::1 - - [03/Mar/2019:22:32:19 +0000] "GET /play/register/d HTTP/1.1" 304 -
::1 - - [03/Mar/2019:22:32:25 +0000] "GET /play/capture HTTP/1.1" 200 9
::1 - - [03/Mar/2019:22:32:25 +0000] "GET /play/capture HTTP/1.1" 200 14
::1 - - [03/Mar/2019:22:32:26 +0000] "GET /play/capture HTTP/1.1" 200 9
::1 - - [03/Mar/2019:22:32:26 +0000] "GET /play/capture HTTP/1.1" 200 14
::1 - - [03/Mar/2019:22:32:26 +0000] "GET /play/capture HTTP/1.1" 200 9
::1 - - [03/Mar/2019:22:32:29 +0000] "GET /play/capture HTTP/1.1" 200 14
::1 - - [03/Mar/2019:22:32:29 +0000] "GET /play/capture HTTP/1.1" 200 9
::1 - - [03/Mar/2019:22:32:29 +0000] "GET /play/capture HTTP/1.1" 200 14
::1 - - [03/Mar/2019:22:32:30 +0000] "GET /play/capture HTTP/1.1" 200 9
::1 - - [03/Mar/2019:22:32:30 +0000] "GET /play/capture HTTP/1.1" 200 14
::1 - - [03/Mar/2019:22:32:30 +0000] "GET /play/capture HTTP/1.1" 200 9
::1 - - [03/Mar/2019:22:32:30 +0000] "GET /play/capture HTTP/1.1" 200 14
::1 - - [03/Mar/2019:22:32:30 +0000] "GET /play/capture HTTP/1.1" 200 9
